<?xml version="1.0" encoding="UTF-8"?>
<testsuite xmlns:xsi="http://www.w3.org/2001/XMLSchema-instance" xsi:noNamespaceSchemaLocation="https://maven.apache.org/surefire/maven-surefire-plugin/xsd/surefire-test-report-3.0.xsd" version="3.0" name="stepdefs.TestRunner" time="28.842" tests="2" errors="0" skipped="0" failures="0">
  <properties>
[...]
</properties>
  <testcase name="Validate login success scenario" classname="This Feature will be used to validate login page" time="16.683">
    <system-out><![CDATA[
@Login @Sanity
Scenario: Validate login success scenario   # src/test/java/features/Login.feature:9
  Given I have Launched the application URL # stepdefs.LoginStepDef.i_have_Launched_the_application_URL()
  And I click on Login Link                 # stepdefs.LoginStepDef.i_click_on_Login_Link()
  When I enter username                     # stepdefs.LoginStepDef.i_enter_username()
  And I enter password                      # stepdefs.LoginStepDef.i_enter_password()
  And i click on login button               # stepdefs.LoginStepDef.i_click_on_login_button()
  Then I land on home page                  # stepdefs.LoginStepDef.i_land_on_home_page()
]]></system-out>
    <system-err><![CDATA[Jan 18, 2024 4:05:44 AM io.cucumber.junit.Cucumber <init>
WARNING: By default Cucumber is running in --non-strict mode.
This default will change to --strict and --non-strict will be removed.
You can use --strict or @CucumberOptions(strict = true) to suppress this warning
SLF4J: No SLF4J providers were found.
SLF4J: Defaulting to no-operation (NOP) logger implementation
SLF4J: See https://www.slf4j.org/codes.html#noProviders for further details.
Starting ChromeDriver 120.0.6099.109 (3419140ab665596f21b385ce136419fde0924272-refs/branch-heads/6099@{#1483}) on port 10552
Only local connections are allowed.
Please see https://chromedriver.chromium.org/security-considerations for suggestions on keeping ChromeDriver safe.
ChromeDriver was started successfully.
Jan 18, 2024 4:05:46 AM org.openqa.selenium.remote.ProtocolHandshake createSession
INFO: Detected dialect: W3C
]]></system-err>
  </testcase>
  <testcase name="Validate the other login options on the screen" classname="This Feature will be used to validate login page" time="11.81">
    <system-out><![CDATA[
@Login @Sanity @Regression
Scenario: Validate the other login options on the screen # src/test/java/features/Login.feature:35
  Given I have Launched the application URL              # stepdefs.LoginStepDef.i_have_Launched_the_application_URL()
  And I click on Login Link                              # stepdefs.LoginStepDef.i_click_on_Login_Link()
  Then I should see below login options on the screen    # stepdefs.LoginStepDef.i_should_see_below_login_options_on_the_screen(java.util.List<java.lang.String>)
]]></system-out>
    <system-err><![CDATA[Starting ChromeDriver 120.0.6099.109 (3419140ab665596f21b385ce136419fde0924272-refs/branch-heads/6099@{#1483}) on port 24880
Only local connections are allowed.
Please see https://chromedriver.chromium.org/security-considerations for suggestions on keeping ChromeDriver safe.
ChromeDriver was started successfully.
Jan 18, 2024 4:06:02 AM org.openqa.selenium.remote.ProtocolHandshake createSession
INFO: Detected dialect: W3C
]]></system-err>
  </testcase>
</testsuite>